<!DOCTYPE html PUBLIC "-//W3C//DTD XHTML 1.1//EN" "https://www.w3.org/TR/xhtml11/DTD/xhtml11.dtd">
<html xmlns="https://www.w3.org/1999/xhtml">
<head>
<meta http-equiv="content-type" content="text/html; charset=UTF-8"/>
<title>TestNG Report</title>
<style type="text/css">table {margin-bottom:10px;border-collapse:collapse;empty-cells:show}th,td {border:1px solid #009;padding:.25em .5em}th {vertical-align:bottom}td {vertical-align:top}table a {font-weight:bold}.stripe td {background-color: #E6EBF9}.num {text-align:right}.passedodd td {background-color: #3F3}.passedeven td {background-color: #0A0}.skippedodd td {background-color: #DDD}.skippedeven td {background-color: #CCC}.failedodd td,.attn {background-color: #F33}.failedeven td,.stripe .attn {background-color: #D00}.stacktrace {white-space:pre;font-family:monospace}.totop {font-size:85%;text-align:center;border-bottom:2px solid #000}.invisible {display:none}</style>
</head>
<body>
<table>
<tr><th>Test</th><th># Passed</th><th># Skipped</th><th># Retried</th><th># Failed</th><th>Time (ms)</th><th>Included Groups</th><th>Excluded Groups</th></tr>
<tr><th colspan="8">Suite</th></tr>
<tr><td><a href="#t0">Test</a></td><td class="num">11</td><td class="num">0</td><td class="num">0</td><td class="num attn">2</td><td class="num">610,803</td><td></td><td></td></tr>
</table>
<table id='summary'><thead><tr><th>Class</th><th>Method</th><th>Start</th><th>Time (ms)</th></tr></thead><tbody><tr><th colspan="4">Suite</th></tr></tbody><tbody id="t0"><tr><th colspan="4">Test &#8212; failed</th></tr><tr class="failedeven"><td rowspan="1">TestFile.ALTC09_HandleMultpilePassengers</td><td><a href="#m0">HandleMultpulePassengers</a></td><td rowspan="1">1726633112534</td><td rowspan="1">55839</td></tr><tr class="failedodd"><td rowspan="1">TestFile.ALTC11_ValidatingSearchFillDetails</td><td><a href="#m1">CustomerDetails</a></td><td rowspan="1">1726633200519</td><td rowspan="1">55194</td></tr><tr><th colspan="4">Test &#8212; passed</th></tr><tr class="passedeven"><td rowspan="1">TestFile.ALTC02_LoginCorrectCredentials</td><td><a href="#m2">login</a></td><td rowspan="1">1726633386331</td><td rowspan="1">6893</td></tr><tr class="passedodd"><td rowspan="1">TestFile.ALTC03_LoginInvalidCredentials</td><td><a href="#m3">ILogin</a></td><td rowspan="1">1726633396897</td><td rowspan="1">1599</td></tr><tr class="passedeven"><td rowspan="1">TestFile.ALTC04_SearchOneWayFlight</td><td><a href="#m4">Oneway</a></td><td rowspan="1">1726633439907</td><td rowspan="1">30915</td></tr><tr class="passedodd"><td rowspan="1">TestFile.ALTC05_SearchRoundTrip</td><td><a href="#m5">roundtrip</a></td><td rowspan="1">1726633311323</td><td rowspan="1">33343</td></tr><tr class="passedeven"><td rowspan="1">TestFile.ALTC06_DifferentClasses</td><td><a href="#m6">Diffrentclass</a></td><td rowspan="1">1726633350018</td><td rowspan="1">32391</td></tr><tr class="passedodd"><td rowspan="1">TestFile.ALTC08_SeatSelection</td><td><a href="#m7">SeatSelection</a></td><td rowspan="1">1726633474449</td><td rowspan="1">77584</td></tr><tr class="passedeven"><td rowspan="1">TestFile.ALTC10_FightInformationBaggageRules</td><td><a href="#m8">FlightInformation</a></td><td rowspan="1">1726633259616</td><td rowspan="1">47659</td></tr><tr class="passedodd"><td rowspan="1">TestFile.ALTC12_LoginSearchLogout</td><td><a href="#m9">LoginSearchLogout</a></td><td rowspan="1">1726633557724</td><td rowspan="1">23078</td></tr><tr class="passedeven"><td rowspan="1">TestFile.ALTC13_CoupenCodeAppling</td><td><a href="#m10">CoupenCode</a></td><td rowspan="1">1726633173268</td><td rowspan="1">23558</td></tr><tr class="passedodd"><td rowspan="1">TestFile.ALTC14_DomesticRoundTrip</td><td><a href="#m11">DomesticRoundtrip</a></td><td rowspan="1">1726633402166</td><td rowspan="1">33509</td></tr><tr class="passedeven"><td rowspan="1">TestFile.ALTC15_PaymentCardCreditCard</td><td><a href="#m12">CreditCardPaymentc</a></td><td rowspan="1">1726633588344</td><td rowspan="1">125917</td></tr></tbody>
</table>
<h2>Test</h2><h3 id="m0">TestFile.ALTC09_HandleMultpilePassengers#HandleMultpulePassengers</h3><table class="result"><tr><th>Messages</th></tr><tr><td><div class="messages">TestCASE is Failed</div></td></tr><tr><th>Exception</th></tr><tr><td><div class="stacktrace">org.openqa.selenium.NoSuchElementException: no such element: Unable to locate element: {&quot;method&quot;:&quot;xpath&quot;,&quot;selector&quot;:&quot;(//div[@class=&apos;_7c598c35 colorLink d7c291ce&apos;])[2]&quot;}
  (Session info: chrome=128.0.6613.138)
For documentation on this error, please visit: https://www.selenium.dev/documentation/webdriver/troubleshooting/errors#no-such-element-exception
Build info: version: &apos;4.23.1&apos;, revision: &apos;656257d8e9&apos;
System info: os.name: &apos;Windows 11&apos;, os.arch: &apos;amd64&apos;, os.version: &apos;10.0&apos;, java.version: &apos;17.0.11&apos;
Driver info: org.openqa.selenium.chrome.ChromeDriver
Command: [9da977df309ba71d40a4d26893b6fc09, findElement {using=xpath, value=(//div[@class=&apos;_7c598c35 colorLink d7c291ce&apos;])[2]}]
Capabilities {acceptInsecureCerts: false, browserName: chrome, browserVersion: 128.0.6613.138, chrome: {chromedriverVersion: 128.0.6613.137 (fe621c5aa2d..., userDataDir: C:\Users\USER\AppData\Local...}, fedcm:accounts: true, goog:chromeOptions: {debuggerAddress: localhost:57204}, networkConnectionEnabled: false, pageLoadStrategy: normal, platformName: windows, proxy: Proxy(), se:cdp: ws://localhost:57204/devtoo..., se:cdpVersion: 128.0.6613.138, setWindowRect: true, strictFileInteractability: false, timeouts: {implicit: 0, pageLoad: 300000, script: 30000}, unhandledPromptBehavior: dismiss and notify, webauthn:extension:credBlob: true, webauthn:extension:largeBlob: true, webauthn:extension:minPinLength: true, webauthn:extension:prf: true, webauthn:virtualAuthenticators: true}
Session ID: 9da977df309ba71d40a4d26893b6fc09
	at org.openqa.selenium.remote.ErrorCodec.decode(ErrorCodec.java:167)
	at org.openqa.selenium.remote.codec.w3c.W3CHttpResponseCodec.decode(W3CHttpResponseCodec.java:138)
	at org.openqa.selenium.remote.codec.w3c.W3CHttpResponseCodec.decode(W3CHttpResponseCodec.java:50)
	at org.openqa.selenium.remote.HttpCommandExecutor.execute(HttpCommandExecutor.java:190)
	at org.openqa.selenium.remote.service.DriverCommandExecutor.invokeExecute(DriverCommandExecutor.java:216)
	at org.openqa.selenium.remote.service.DriverCommandExecutor.execute(DriverCommandExecutor.java:174)
	at org.openqa.selenium.remote.RemoteWebDriver.execute(RemoteWebDriver.java:545)
	at org.openqa.selenium.remote.ElementLocation$ElementFinder$2.findElement(ElementLocation.java:165)
	at org.openqa.selenium.remote.ElementLocation.findElement(ElementLocation.java:59)
	at org.openqa.selenium.remote.RemoteWebDriver.findElement(RemoteWebDriver.java:368)
	at org.openqa.selenium.remote.RemoteWebDriver.findElement(RemoteWebDriver.java:362)
	at org.openqa.selenium.support.pagefactory.DefaultElementLocator.findElement(DefaultElementLocator.java:68)
	at org.openqa.selenium.support.pagefactory.internal.LocatingElementHandler.invoke(LocatingElementHandler.java:38)
	at jdk.proxy2/jdk.proxy2.$Proxy11.click(Unknown Source)
	at SourceFile.Air09_HandleMultpilePassengers.Child(Air09_HandleMultpilePassengers.java:115)
	at TestFile.ALTC09_HandleMultpilePassengers.HandleMultpulePassengers(ALTC09_HandleMultpilePassengers.java:54)
	at java.base/java.util.ArrayList.forEach(ArrayList.java:1511)
... Removed 36 stack frames</div></td></tr></table><p class="totop"><a href="#summary">back to summary</a></p>
<h3 id="m1">TestFile.ALTC11_ValidatingSearchFillDetails#CustomerDetails</h3><table class="result"><tr><th>Messages</th></tr><tr><td><div class="messages">TestCASE is Failed</div></td></tr><tr><th>Exception</th></tr><tr><td><div class="stacktrace">org.openqa.selenium.NoSuchElementException: no such element: Unable to locate element: {&quot;method&quot;:&quot;xpath&quot;,&quot;selector&quot;:&quot;(//div[@class=&apos;_7c598c35 colorLink d7c291ce&apos;])[2]&quot;}
  (Session info: chrome=128.0.6613.138)
For documentation on this error, please visit: https://www.selenium.dev/documentation/webdriver/troubleshooting/errors#no-such-element-exception
Build info: version: &apos;4.23.1&apos;, revision: &apos;656257d8e9&apos;
System info: os.name: &apos;Windows 11&apos;, os.arch: &apos;amd64&apos;, os.version: &apos;10.0&apos;, java.version: &apos;17.0.11&apos;
Driver info: org.openqa.selenium.chrome.ChromeDriver
Command: [dbac328d9f8e6f377223f7166905033c, findElement {using=xpath, value=(//div[@class=&apos;_7c598c35 colorLink d7c291ce&apos;])[2]}]
Capabilities {acceptInsecureCerts: false, browserName: chrome, browserVersion: 128.0.6613.138, chrome: {chromedriverVersion: 128.0.6613.137 (fe621c5aa2d..., userDataDir: C:\Users\USER\AppData\Local...}, fedcm:accounts: true, goog:chromeOptions: {debuggerAddress: localhost:57549}, networkConnectionEnabled: false, pageLoadStrategy: normal, platformName: windows, proxy: Proxy(), se:cdp: ws://localhost:57549/devtoo..., se:cdpVersion: 128.0.6613.138, setWindowRect: true, strictFileInteractability: false, timeouts: {implicit: 0, pageLoad: 300000, script: 30000}, unhandledPromptBehavior: dismiss and notify, webauthn:extension:credBlob: true, webauthn:extension:largeBlob: true, webauthn:extension:minPinLength: true, webauthn:extension:prf: true, webauthn:virtualAuthenticators: true}
Session ID: dbac328d9f8e6f377223f7166905033c
	at org.openqa.selenium.remote.ErrorCodec.decode(ErrorCodec.java:167)
	at org.openqa.selenium.remote.codec.w3c.W3CHttpResponseCodec.decode(W3CHttpResponseCodec.java:138)
	at org.openqa.selenium.remote.codec.w3c.W3CHttpResponseCodec.decode(W3CHttpResponseCodec.java:50)
	at org.openqa.selenium.remote.HttpCommandExecutor.execute(HttpCommandExecutor.java:190)
	at org.openqa.selenium.remote.service.DriverCommandExecutor.invokeExecute(DriverCommandExecutor.java:216)
	at org.openqa.selenium.remote.service.DriverCommandExecutor.execute(DriverCommandExecutor.java:174)
	at org.openqa.selenium.remote.RemoteWebDriver.execute(RemoteWebDriver.java:545)
	at org.openqa.selenium.remote.ElementLocation$ElementFinder$2.findElement(ElementLocation.java:165)
	at org.openqa.selenium.remote.ElementLocation.findElement(ElementLocation.java:59)
	at org.openqa.selenium.remote.RemoteWebDriver.findElement(RemoteWebDriver.java:368)
	at org.openqa.selenium.remote.RemoteWebDriver.findElement(RemoteWebDriver.java:362)
	at TestFile.ALTC11_ValidatingSearchFillDetails.CustomerDetails(ALTC11_ValidatingSearchFillDetails.java:93)
	at java.base/java.util.ArrayList.forEach(ArrayList.java:1511)
... Removed 36 stack frames</div></td></tr></table><p class="totop"><a href="#summary">back to summary</a></p>
<h3 id="m2">TestFile.ALTC02_LoginCorrectCredentials#login</h3><table class="result"><tr><th>Messages</th></tr><tr><td><div class="messages">Testcase is Passed</div></td></tr></table><p class="totop"><a href="#summary">back to summary</a></p>
<h3 id="m3">TestFile.ALTC03_LoginInvalidCredentials#ILogin</h3><table class="result"><tr><th>Messages</th></tr><tr><td><div class="messages">Testcase is Passed</div></td></tr></table><p class="totop"><a href="#summary">back to summary</a></p>
<h3 id="m4">TestFile.ALTC04_SearchOneWayFlight#Oneway</h3><table class="result"><tr><th>Messages</th></tr><tr><td><div class="messages">Testcase is Passed</div></td></tr></table><p class="totop"><a href="#summary">back to summary</a></p>
<h3 id="m5">TestFile.ALTC05_SearchRoundTrip#roundtrip</h3><table class="result"><tr><th>Messages</th></tr><tr><td><div class="messages">Testcase is Passed</div></td></tr></table><p class="totop"><a href="#summary">back to summary</a></p>
<h3 id="m6">TestFile.ALTC06_DifferentClasses#Diffrentclass</h3><table class="result"><tr><th>Messages</th></tr><tr><td><div class="messages">Testcase is Passed</div></td></tr></table><p class="totop"><a href="#summary">back to summary</a></p>
<h3 id="m7">TestFile.ALTC08_SeatSelection#SeatSelection</h3><table class="result"><tr><th>Messages</th></tr><tr><td><div class="messages">Testcase is Passed</div></td></tr></table><p class="totop"><a href="#summary">back to summary</a></p>
<h3 id="m8">TestFile.ALTC10_FightInformationBaggageRules#FlightInformation</h3><table class="result"><tr><th>Messages</th></tr><tr><td><div class="messages">Testcase is Passed</div></td></tr></table><p class="totop"><a href="#summary">back to summary</a></p>
<h3 id="m9">TestFile.ALTC12_LoginSearchLogout#LoginSearchLogout</h3><table class="result"><tr><th>Messages</th></tr><tr><td><div class="messages">Testcase is Passed</div></td></tr></table><p class="totop"><a href="#summary">back to summary</a></p>
<h3 id="m10">TestFile.ALTC13_CoupenCodeAppling#CoupenCode</h3><table class="result"><tr><th>Messages</th></tr><tr><td><div class="messages">Testcase is Passed</div></td></tr></table><p class="totop"><a href="#summary">back to summary</a></p>
<h3 id="m11">TestFile.ALTC14_DomesticRoundTrip#DomesticRoundtrip</h3><table class="result"><tr><th>Messages</th></tr><tr><td><div class="messages">Testcase is Passed</div></td></tr></table><p class="totop"><a href="#summary">back to summary</a></p>
<h3 id="m12">TestFile.ALTC15_PaymentCardCreditCard#CreditCardPaymentc</h3><table class="result"><tr><th>Messages</th></tr><tr><td><div class="messages">Testcase is Passed</div></td></tr></table><p class="totop"><a href="#summary">back to summary</a></p>
</body>
</html>
