<?xml version="1.0" encoding="UTF-8"?>
<testng-results ignored="0" total="13" passed="11" failed="2" skipped="0">
  <reporter-output>
    <line>
      <![CDATA[TestCASE is Failed]]>
    </line>
    <line>
      <![CDATA[Testcase is Passed]]>
    </line>
    <line>
      <![CDATA[TestCASE is Failed]]>
    </line>
    <line>
      <![CDATA[Testcase is Passed]]>
    </line>
    <line>
      <![CDATA[Testcase is Passed]]>
    </line>
    <line>
      <![CDATA[Testcase is Passed]]>
    </line>
    <line>
      <![CDATA[Testcase is Passed]]>
    </line>
    <line>
      <![CDATA[Testcase is Passed]]>
    </line>
    <line>
      <![CDATA[Testcase is Passed]]>
    </line>
    <line>
      <![CDATA[Testcase is Passed]]>
    </line>
    <line>
      <![CDATA[Testcase is Passed]]>
    </line>
    <line>
      <![CDATA[Testcase is Passed]]>
    </line>
    <line>
      <![CDATA[Testcase is Passed]]>
    </line>
  </reporter-output>
  <suite started-at="2024-09-18T09:48:25 IST" name="Suite" finished-at="2024-09-18T09:58:36 IST" duration-ms="610803">
    <groups>
    </groups>
    <test started-at="2024-09-18T09:48:25 IST" name="Test" finished-at="2024-09-18T09:58:36 IST" duration-ms="610803">
      <class name="TestFile.ALTC04_SearchOneWayFlight">
        <test-method is-config="true" signature="ALaunch()[pri:0, instance:TestFile.ALTC04_SearchOneWayFlight@1ffaf86]" started-at="2024-09-18T09:53:56 IST" name="ALaunch" finished-at="2024-09-18T09:53:59 IST" duration-ms="3735" status="PASS">
          <reporter-output>
          </reporter-output>
        </test-method> <!-- ALaunch -->
        <test-method signature="Oneway()[pri:0, instance:TestFile.ALTC04_SearchOneWayFlight@1ffaf86]" started-at="2024-09-18T09:53:59 IST" name="Oneway" finished-at="2024-09-18T09:54:30 IST" duration-ms="30915" status="PASS">
          <reporter-output>
            <line>
              <![CDATA[Testcase is Passed]]>
            </line>
          </reporter-output>
        </test-method> <!-- Oneway -->
        <test-method is-config="true" signature="AQuit()[pri:0, instance:TestFile.ALTC04_SearchOneWayFlight@1ffaf86]" started-at="2024-09-18T09:54:30 IST" name="AQuit" finished-at="2024-09-18T09:54:31 IST" duration-ms="448" status="PASS">
          <reporter-output>
          </reporter-output>
        </test-method> <!-- AQuit -->
      </class> <!-- TestFile.ALTC04_SearchOneWayFlight -->
      <class name="TestFile.ALTC12_LoginSearchLogout">
        <test-method is-config="true" signature="ALaunch()[pri:0, instance:TestFile.ALTC12_LoginSearchLogout@6c1a5b54]" started-at="2024-09-18T09:55:52 IST" name="ALaunch" finished-at="2024-09-18T09:55:57 IST" duration-ms="5192" status="PASS">
          <reporter-output>
          </reporter-output>
        </test-method> <!-- ALaunch -->
        <test-method signature="LoginSearchLogout()[pri:0, instance:TestFile.ALTC12_LoginSearchLogout@6c1a5b54]" started-at="2024-09-18T09:55:57 IST" name="LoginSearchLogout" finished-at="2024-09-18T09:56:20 IST" duration-ms="23078" status="PASS">
          <reporter-output>
            <line>
              <![CDATA[Testcase is Passed]]>
            </line>
          </reporter-output>
        </test-method> <!-- LoginSearchLogout -->
        <test-method is-config="true" signature="AQuit()[pri:0, instance:TestFile.ALTC12_LoginSearchLogout@6c1a5b54]" started-at="2024-09-18T09:56:20 IST" name="AQuit" finished-at="2024-09-18T09:56:22 IST" duration-ms="1387" status="PASS">
          <reporter-output>
          </reporter-output>
        </test-method> <!-- AQuit -->
      </class> <!-- TestFile.ALTC12_LoginSearchLogout -->
      <class name="TestFile.ALTC08_SeatSelection">
        <test-method is-config="true" signature="ALaunch()[pri:0, instance:TestFile.ALTC08_SeatSelection@6574a52c]" started-at="2024-09-18T09:54:31 IST" name="ALaunch" finished-at="2024-09-18T09:54:34 IST" duration-ms="3176" status="PASS">
          <reporter-output>
          </reporter-output>
        </test-method> <!-- ALaunch -->
        <test-method signature="SeatSelection()[pri:0, instance:TestFile.ALTC08_SeatSelection@6574a52c]" started-at="2024-09-18T09:54:34 IST" name="SeatSelection" finished-at="2024-09-18T09:55:52 IST" duration-ms="77584" status="PASS">
          <reporter-output>
            <line>
              <![CDATA[Testcase is Passed]]>
            </line>
          </reporter-output>
        </test-method> <!-- SeatSelection -->
        <test-method is-config="true" signature="AQuit()[pri:0, instance:TestFile.ALTC08_SeatSelection@6574a52c]" started-at="2024-09-18T09:55:52 IST" name="AQuit" finished-at="2024-09-18T09:55:52 IST" duration-ms="496" status="PASS">
          <reporter-output>
          </reporter-output>
        </test-method> <!-- AQuit -->
      </class> <!-- TestFile.ALTC08_SeatSelection -->
      <class name="TestFile.ALTC14_DomesticRoundTrip">
        <test-method is-config="true" signature="ALaunch()[pri:0, instance:TestFile.ALTC14_DomesticRoundTrip@13e344d]" started-at="2024-09-18T09:53:18 IST" name="ALaunch" finished-at="2024-09-18T09:53:22 IST" duration-ms="3226" status="PASS">
          <reporter-output>
          </reporter-output>
        </test-method> <!-- ALaunch -->
        <test-method signature="DomesticRoundtrip()[pri:0, instance:TestFile.ALTC14_DomesticRoundTrip@13e344d]" started-at="2024-09-18T09:53:22 IST" name="DomesticRoundtrip" finished-at="2024-09-18T09:53:55 IST" duration-ms="33509" status="PASS">
          <reporter-output>
            <line>
              <![CDATA[Testcase is Passed]]>
            </line>
          </reporter-output>
        </test-method> <!-- DomesticRoundtrip -->
        <test-method is-config="true" signature="AQuit()[pri:0, instance:TestFile.ALTC14_DomesticRoundTrip@13e344d]" started-at="2024-09-18T09:53:55 IST" name="AQuit" finished-at="2024-09-18T09:53:56 IST" duration-ms="494" status="PASS">
          <reporter-output>
          </reporter-output>
        </test-method> <!-- AQuit -->
      </class> <!-- TestFile.ALTC14_DomesticRoundTrip -->
      <class name="TestFile.ALTC11_ValidatingSearchFillDetails">
        <test-method is-config="true" signature="ALaunch()[pri:0, instance:TestFile.ALTC11_ValidatingSearchFillDetails@f09733f]" started-at="2024-09-18T09:49:57 IST" name="ALaunch" finished-at="2024-09-18T09:50:00 IST" duration-ms="3358" status="PASS">
          <reporter-output>
          </reporter-output>
        </test-method> <!-- ALaunch -->
        <test-method signature="CustomerDetails()[pri:0, instance:TestFile.ALTC11_ValidatingSearchFillDetails@f09733f]" started-at="2024-09-18T09:50:00 IST" name="CustomerDetails" finished-at="2024-09-18T09:50:55 IST" duration-ms="55194" status="FAIL">
          <exception class="org.openqa.selenium.NoSuchElementException">
            <message>
              <![CDATA[no such element: Unable to locate element: {"method":"xpath","selector":"(//div[@class='_7c598c35 colorLink d7c291ce'])[2]"}
  (Session info: chrome=128.0.6613.138)
For documentation on this error, please visit: https://www.selenium.dev/documentation/webdriver/troubleshooting/errors#no-such-element-exception
Build info: version: '4.23.1', revision: '656257d8e9'
System info: os.name: 'Windows 11', os.arch: 'amd64', os.version: '10.0', java.version: '17.0.11'
Driver info: org.openqa.selenium.chrome.ChromeDriver
Command: [dbac328d9f8e6f377223f7166905033c, findElement {using=xpath, value=(//div[@class='_7c598c35 colorLink d7c291ce'])[2]}]
Capabilities {acceptInsecureCerts: false, browserName: chrome, browserVersion: 128.0.6613.138, chrome: {chromedriverVersion: 128.0.6613.137 (fe621c5aa2d..., userDataDir: C:\Users\USER\AppData\Local...}, fedcm:accounts: true, goog:chromeOptions: {debuggerAddress: localhost:57549}, networkConnectionEnabled: false, pageLoadStrategy: normal, platformName: windows, proxy: Proxy(), se:cdp: ws://localhost:57549/devtoo..., se:cdpVersion: 128.0.6613.138, setWindowRect: true, strictFileInteractability: false, timeouts: {implicit: 0, pageLoad: 300000, script: 30000}, unhandledPromptBehavior: dismiss and notify, webauthn:extension:credBlob: true, webauthn:extension:largeBlob: true, webauthn:extension:minPinLength: true, webauthn:extension:prf: true, webauthn:virtualAuthenticators: true}
Session ID: dbac328d9f8e6f377223f7166905033c]]>
            </message>
            <full-stacktrace>
              <![CDATA[org.openqa.selenium.NoSuchElementException: no such element: Unable to locate element: {"method":"xpath","selector":"(//div[@class='_7c598c35 colorLink d7c291ce'])[2]"}
  (Session info: chrome=128.0.6613.138)
For documentation on this error, please visit: https://www.selenium.dev/documentation/webdriver/troubleshooting/errors#no-such-element-exception
Build info: version: '4.23.1', revision: '656257d8e9'
System info: os.name: 'Windows 11', os.arch: 'amd64', os.version: '10.0', java.version: '17.0.11'
Driver info: org.openqa.selenium.chrome.ChromeDriver
Command: [dbac328d9f8e6f377223f7166905033c, findElement {using=xpath, value=(//div[@class='_7c598c35 colorLink d7c291ce'])[2]}]
Capabilities {acceptInsecureCerts: false, browserName: chrome, browserVersion: 128.0.6613.138, chrome: {chromedriverVersion: 128.0.6613.137 (fe621c5aa2d..., userDataDir: C:\Users\USER\AppData\Local...}, fedcm:accounts: true, goog:chromeOptions: {debuggerAddress: localhost:57549}, networkConnectionEnabled: false, pageLoadStrategy: normal, platformName: windows, proxy: Proxy(), se:cdp: ws://localhost:57549/devtoo..., se:cdpVersion: 128.0.6613.138, setWindowRect: true, strictFileInteractability: false, timeouts: {implicit: 0, pageLoad: 300000, script: 30000}, unhandledPromptBehavior: dismiss and notify, webauthn:extension:credBlob: true, webauthn:extension:largeBlob: true, webauthn:extension:minPinLength: true, webauthn:extension:prf: true, webauthn:virtualAuthenticators: true}
Session ID: dbac328d9f8e6f377223f7166905033c
at java.base/jdk.internal.reflect.NativeConstructorAccessorImpl.newInstance0(Native Method)
at java.base/jdk.internal.reflect.NativeConstructorAccessorImpl.newInstance(NativeConstructorAccessorImpl.java:77)
at java.base/jdk.internal.reflect.DelegatingConstructorAccessorImpl.newInstance(DelegatingConstructorAccessorImpl.java:45)
at java.base/java.lang.reflect.Constructor.newInstanceWithCaller(Constructor.java:499)
at java.base/java.lang.reflect.Constructor.newInstance(Constructor.java:480)
at org.openqa.selenium.remote.ErrorCodec.decode(ErrorCodec.java:167)
at org.openqa.selenium.remote.codec.w3c.W3CHttpResponseCodec.decode(W3CHttpResponseCodec.java:138)
at org.openqa.selenium.remote.codec.w3c.W3CHttpResponseCodec.decode(W3CHttpResponseCodec.java:50)
at org.openqa.selenium.remote.HttpCommandExecutor.execute(HttpCommandExecutor.java:190)
at org.openqa.selenium.remote.service.DriverCommandExecutor.invokeExecute(DriverCommandExecutor.java:216)
at org.openqa.selenium.remote.service.DriverCommandExecutor.execute(DriverCommandExecutor.java:174)
at org.openqa.selenium.remote.RemoteWebDriver.execute(RemoteWebDriver.java:545)
at org.openqa.selenium.remote.ElementLocation$ElementFinder$2.findElement(ElementLocation.java:165)
at org.openqa.selenium.remote.ElementLocation.findElement(ElementLocation.java:59)
at org.openqa.selenium.remote.RemoteWebDriver.findElement(RemoteWebDriver.java:368)
at org.openqa.selenium.remote.RemoteWebDriver.findElement(RemoteWebDriver.java:362)
at TestFile.ALTC11_ValidatingSearchFillDetails.CustomerDetails(ALTC11_ValidatingSearchFillDetails.java:93)
at java.base/jdk.internal.reflect.NativeMethodAccessorImpl.invoke0(Native Method)
at java.base/jdk.internal.reflect.NativeMethodAccessorImpl.invoke(NativeMethodAccessorImpl.java:77)
at java.base/jdk.internal.reflect.DelegatingMethodAccessorImpl.invoke(DelegatingMethodAccessorImpl.java:43)
at java.base/java.lang.reflect.Method.invoke(Method.java:568)
at org.testng.internal.invokers.MethodInvocationHelper.invokeMethod(MethodInvocationHelper.java:141)
at org.testng.internal.invokers.TestInvoker.invokeMethod(TestInvoker.java:686)
at org.testng.internal.invokers.TestInvoker.invokeTestMethod(TestInvoker.java:230)
at org.testng.internal.invokers.MethodRunner.runInSequence(MethodRunner.java:63)
at org.testng.internal.invokers.TestInvoker$MethodInvocationAgent.invoke(TestInvoker.java:992)
at org.testng.internal.invokers.TestInvoker.invokeTestMethods(TestInvoker.java:203)
at org.testng.internal.invokers.TestMethodWorker.invokeTestMethods(TestMethodWorker.java:154)
at org.testng.internal.invokers.TestMethodWorker.run(TestMethodWorker.java:134)
at java.base/java.util.ArrayList.forEach(ArrayList.java:1511)
at org.testng.TestRunner.privateRun(TestRunner.java:739)
at org.testng.TestRunner.run(TestRunner.java:614)
at org.testng.SuiteRunner.runTest(SuiteRunner.java:421)
at org.testng.SuiteRunner.runSequentially(SuiteRunner.java:413)
at org.testng.SuiteRunner.privateRun(SuiteRunner.java:373)
at org.testng.SuiteRunner.run(SuiteRunner.java:312)
at org.testng.SuiteRunnerWorker.runSuite(SuiteRunnerWorker.java:52)
at org.testng.SuiteRunnerWorker.run(SuiteRunnerWorker.java:95)
at org.testng.TestNG.runSuitesSequentially(TestNG.java:1274)
at org.testng.TestNG.runSuitesLocally(TestNG.java:1208)
at org.testng.TestNG.runSuites(TestNG.java:1112)
at org.testng.TestNG.run(TestNG.java:1079)
at org.apache.maven.surefire.testng.TestNGExecutor.run(TestNGExecutor.java:324)
at org.apache.maven.surefire.testng.TestNGXmlTestSuite.execute(TestNGXmlTestSuite.java:74)
at org.apache.maven.surefire.testng.TestNGProvider.invoke(TestNGProvider.java:123)
at org.apache.maven.surefire.booter.ForkedBooter.runSuitesInProcess(ForkedBooter.java:456)
at org.apache.maven.surefire.booter.ForkedBooter.execute(ForkedBooter.java:169)
at org.apache.maven.surefire.booter.ForkedBooter.run(ForkedBooter.java:595)
at org.apache.maven.surefire.booter.ForkedBooter.main(ForkedBooter.java:581)
]]>
            </full-stacktrace>
          </exception> <!-- org.openqa.selenium.NoSuchElementException -->
          <reporter-output>
            <line>
              <![CDATA[TestCASE is Failed]]>
            </line>
          </reporter-output>
        </test-method> <!-- CustomerDetails -->
        <test-method is-config="true" signature="AQuit()[pri:0, instance:TestFile.ALTC11_ValidatingSearchFillDetails@f09733f]" started-at="2024-09-18T09:50:55 IST" name="AQuit" finished-at="2024-09-18T09:50:56 IST" duration-ms="340" status="PASS">
          <reporter-output>
          </reporter-output>
        </test-method> <!-- AQuit -->
      </class> <!-- TestFile.ALTC11_ValidatingSearchFillDetails -->
      <class name="TestFile.ALTC09_HandleMultpilePassengers">
        <test-method is-config="true" signature="ALaunch()[pri:0, instance:TestFile.ALTC09_HandleMultpilePassengers@201a4587]" started-at="2024-09-18T09:48:26 IST" name="ALaunch" finished-at="2024-09-18T09:48:32 IST" duration-ms="6518" status="PASS">
          <reporter-output>
          </reporter-output>
        </test-method> <!-- ALaunch -->
        <test-method signature="HandleMultpulePassengers()[pri:0, instance:TestFile.ALTC09_HandleMultpilePassengers@201a4587]" started-at="2024-09-18T09:48:32 IST" name="HandleMultpulePassengers" finished-at="2024-09-18T09:49:28 IST" duration-ms="55839" status="FAIL">
          <exception class="org.openqa.selenium.NoSuchElementException">
            <message>
              <![CDATA[no such element: Unable to locate element: {"method":"xpath","selector":"(//div[@class='_7c598c35 colorLink d7c291ce'])[2]"}
  (Session info: chrome=128.0.6613.138)
For documentation on this error, please visit: https://www.selenium.dev/documentation/webdriver/troubleshooting/errors#no-such-element-exception
Build info: version: '4.23.1', revision: '656257d8e9'
System info: os.name: 'Windows 11', os.arch: 'amd64', os.version: '10.0', java.version: '17.0.11'
Driver info: org.openqa.selenium.chrome.ChromeDriver
Command: [9da977df309ba71d40a4d26893b6fc09, findElement {using=xpath, value=(//div[@class='_7c598c35 colorLink d7c291ce'])[2]}]
Capabilities {acceptInsecureCerts: false, browserName: chrome, browserVersion: 128.0.6613.138, chrome: {chromedriverVersion: 128.0.6613.137 (fe621c5aa2d..., userDataDir: C:\Users\USER\AppData\Local...}, fedcm:accounts: true, goog:chromeOptions: {debuggerAddress: localhost:57204}, networkConnectionEnabled: false, pageLoadStrategy: normal, platformName: windows, proxy: Proxy(), se:cdp: ws://localhost:57204/devtoo..., se:cdpVersion: 128.0.6613.138, setWindowRect: true, strictFileInteractability: false, timeouts: {implicit: 0, pageLoad: 300000, script: 30000}, unhandledPromptBehavior: dismiss and notify, webauthn:extension:credBlob: true, webauthn:extension:largeBlob: true, webauthn:extension:minPinLength: true, webauthn:extension:prf: true, webauthn:virtualAuthenticators: true}
Session ID: 9da977df309ba71d40a4d26893b6fc09]]>
            </message>
            <full-stacktrace>
              <![CDATA[org.openqa.selenium.NoSuchElementException: no such element: Unable to locate element: {"method":"xpath","selector":"(//div[@class='_7c598c35 colorLink d7c291ce'])[2]"}
  (Session info: chrome=128.0.6613.138)
For documentation on this error, please visit: https://www.selenium.dev/documentation/webdriver/troubleshooting/errors#no-such-element-exception
Build info: version: '4.23.1', revision: '656257d8e9'
System info: os.name: 'Windows 11', os.arch: 'amd64', os.version: '10.0', java.version: '17.0.11'
Driver info: org.openqa.selenium.chrome.ChromeDriver
Command: [9da977df309ba71d40a4d26893b6fc09, findElement {using=xpath, value=(//div[@class='_7c598c35 colorLink d7c291ce'])[2]}]
Capabilities {acceptInsecureCerts: false, browserName: chrome, browserVersion: 128.0.6613.138, chrome: {chromedriverVersion: 128.0.6613.137 (fe621c5aa2d..., userDataDir: C:\Users\USER\AppData\Local...}, fedcm:accounts: true, goog:chromeOptions: {debuggerAddress: localhost:57204}, networkConnectionEnabled: false, pageLoadStrategy: normal, platformName: windows, proxy: Proxy(), se:cdp: ws://localhost:57204/devtoo..., se:cdpVersion: 128.0.6613.138, setWindowRect: true, strictFileInteractability: false, timeouts: {implicit: 0, pageLoad: 300000, script: 30000}, unhandledPromptBehavior: dismiss and notify, webauthn:extension:credBlob: true, webauthn:extension:largeBlob: true, webauthn:extension:minPinLength: true, webauthn:extension:prf: true, webauthn:virtualAuthenticators: true}
Session ID: 9da977df309ba71d40a4d26893b6fc09
at java.base/jdk.internal.reflect.NativeConstructorAccessorImpl.newInstance0(Native Method)
at java.base/jdk.internal.reflect.NativeConstructorAccessorImpl.newInstance(NativeConstructorAccessorImpl.java:77)
at java.base/jdk.internal.reflect.DelegatingConstructorAccessorImpl.newInstance(DelegatingConstructorAccessorImpl.java:45)
at java.base/java.lang.reflect.Constructor.newInstanceWithCaller(Constructor.java:499)
at java.base/java.lang.reflect.Constructor.newInstance(Constructor.java:480)
at org.openqa.selenium.remote.ErrorCodec.decode(ErrorCodec.java:167)
at org.openqa.selenium.remote.codec.w3c.W3CHttpResponseCodec.decode(W3CHttpResponseCodec.java:138)
at org.openqa.selenium.remote.codec.w3c.W3CHttpResponseCodec.decode(W3CHttpResponseCodec.java:50)
at org.openqa.selenium.remote.HttpCommandExecutor.execute(HttpCommandExecutor.java:190)
at org.openqa.selenium.remote.service.DriverCommandExecutor.invokeExecute(DriverCommandExecutor.java:216)
at org.openqa.selenium.remote.service.DriverCommandExecutor.execute(DriverCommandExecutor.java:174)
at org.openqa.selenium.remote.RemoteWebDriver.execute(RemoteWebDriver.java:545)
at org.openqa.selenium.remote.ElementLocation$ElementFinder$2.findElement(ElementLocation.java:165)
at org.openqa.selenium.remote.ElementLocation.findElement(ElementLocation.java:59)
at org.openqa.selenium.remote.RemoteWebDriver.findElement(RemoteWebDriver.java:368)
at org.openqa.selenium.remote.RemoteWebDriver.findElement(RemoteWebDriver.java:362)
at org.openqa.selenium.support.pagefactory.DefaultElementLocator.findElement(DefaultElementLocator.java:68)
at org.openqa.selenium.support.pagefactory.internal.LocatingElementHandler.invoke(LocatingElementHandler.java:38)
at jdk.proxy2/jdk.proxy2.$Proxy11.click(Unknown Source)
at SourceFile.Air09_HandleMultpilePassengers.Child(Air09_HandleMultpilePassengers.java:115)
at TestFile.ALTC09_HandleMultpilePassengers.HandleMultpulePassengers(ALTC09_HandleMultpilePassengers.java:54)
at java.base/jdk.internal.reflect.NativeMethodAccessorImpl.invoke0(Native Method)
at java.base/jdk.internal.reflect.NativeMethodAccessorImpl.invoke(NativeMethodAccessorImpl.java:77)
at java.base/jdk.internal.reflect.DelegatingMethodAccessorImpl.invoke(DelegatingMethodAccessorImpl.java:43)
at java.base/java.lang.reflect.Method.invoke(Method.java:568)
at org.testng.internal.invokers.MethodInvocationHelper.invokeMethod(MethodInvocationHelper.java:141)
at org.testng.internal.invokers.TestInvoker.invokeMethod(TestInvoker.java:686)
at org.testng.internal.invokers.TestInvoker.invokeTestMethod(TestInvoker.java:230)
at org.testng.internal.invokers.MethodRunner.runInSequence(MethodRunner.java:63)
at org.testng.internal.invokers.TestInvoker$MethodInvocationAgent.invoke(TestInvoker.java:992)
at org.testng.internal.invokers.TestInvoker.invokeTestMethods(TestInvoker.java:203)
at org.testng.internal.invokers.TestMethodWorker.invokeTestMethods(TestMethodWorker.java:154)
at org.testng.internal.invokers.TestMethodWorker.run(TestMethodWorker.java:134)
at java.base/java.util.ArrayList.forEach(ArrayList.java:1511)
at org.testng.TestRunner.privateRun(TestRunner.java:739)
at org.testng.TestRunner.run(TestRunner.java:614)
at org.testng.SuiteRunner.runTest(SuiteRunner.java:421)
at org.testng.SuiteRunner.runSequentially(SuiteRunner.java:413)
at org.testng.SuiteRunner.privateRun(SuiteRunner.java:373)
at org.testng.SuiteRunner.run(SuiteRunner.java:312)
at org.testng.SuiteRunnerWorker.runSuite(SuiteRunnerWorker.java:52)
at org.testng.SuiteRunnerWorker.run(SuiteRunnerWorker.java:95)
at org.testng.TestNG.runSuitesSequentially(TestNG.java:1274)
at org.testng.TestNG.runSuitesLocally(TestNG.java:1208)
at org.testng.TestNG.runSuites(TestNG.java:1112)
at org.testng.TestNG.run(TestNG.java:1079)
at org.apache.maven.surefire.testng.TestNGExecutor.run(TestNGExecutor.java:324)
at org.apache.maven.surefire.testng.TestNGXmlTestSuite.execute(TestNGXmlTestSuite.java:74)
at org.apache.maven.surefire.testng.TestNGProvider.invoke(TestNGProvider.java:123)
at org.apache.maven.surefire.booter.ForkedBooter.runSuitesInProcess(ForkedBooter.java:456)
at org.apache.maven.surefire.booter.ForkedBooter.execute(ForkedBooter.java:169)
at org.apache.maven.surefire.booter.ForkedBooter.run(ForkedBooter.java:595)
at org.apache.maven.surefire.booter.ForkedBooter.main(ForkedBooter.java:581)
]]>
            </full-stacktrace>
          </exception> <!-- org.openqa.selenium.NoSuchElementException -->
          <reporter-output>
            <line>
              <![CDATA[TestCASE is Failed]]>
            </line>
          </reporter-output>
        </test-method> <!-- HandleMultpulePassengers -->
        <test-method is-config="true" signature="AQuit()[pri:0, instance:TestFile.ALTC09_HandleMultpilePassengers@201a4587]" started-at="2024-09-18T09:49:28 IST" name="AQuit" finished-at="2024-09-18T09:49:29 IST" duration-ms="1156" status="PASS">
          <reporter-output>
          </reporter-output>
        </test-method> <!-- AQuit -->
      </class> <!-- TestFile.ALTC09_HandleMultpilePassengers -->
      <class name="TestFile.ALTC15_PaymentCardCreditCard">
        <test-method is-config="true" signature="ALaunch()[pri:0, instance:TestFile.ALTC15_PaymentCardCreditCard@1c7696c6]" started-at="2024-09-18T09:56:22 IST" name="ALaunch" finished-at="2024-09-18T09:56:28 IST" duration-ms="6150" status="PASS">
          <reporter-output>
          </reporter-output>
        </test-method> <!-- ALaunch -->
        <test-method signature="CreditCardPaymentc()[pri:0, instance:TestFile.ALTC15_PaymentCardCreditCard@1c7696c6]" started-at="2024-09-18T09:56:28 IST" name="CreditCardPaymentc" finished-at="2024-09-18T09:58:34 IST" duration-ms="125917" status="PASS">
          <reporter-output>
            <line>
              <![CDATA[Testcase is Passed]]>
            </line>
          </reporter-output>
        </test-method> <!-- CreditCardPaymentc -->
        <test-method is-config="true" signature="AQuit()[pri:0, instance:TestFile.ALTC15_PaymentCardCreditCard@1c7696c6]" started-at="2024-09-18T09:58:34 IST" name="AQuit" finished-at="2024-09-18T09:58:36 IST" duration-ms="2489" status="PASS">
          <reporter-output>
          </reporter-output>
        </test-method> <!-- AQuit -->
      </class> <!-- TestFile.ALTC15_PaymentCardCreditCard -->
      <class name="TestFile.ALTC05_SearchRoundTrip">
        <test-method is-config="true" signature="ALaunch()[pri:0, instance:TestFile.ALTC05_SearchRoundTrip@41a0aa7d]" started-at="2024-09-18T09:51:47 IST" name="ALaunch" finished-at="2024-09-18T09:51:51 IST" duration-ms="3728" status="PASS">
          <reporter-output>
          </reporter-output>
        </test-method> <!-- ALaunch -->
        <test-method signature="roundtrip()[pri:0, instance:TestFile.ALTC05_SearchRoundTrip@41a0aa7d]" started-at="2024-09-18T09:51:51 IST" name="roundtrip" finished-at="2024-09-18T09:52:24 IST" duration-ms="33343" status="PASS">
          <reporter-output>
            <line>
              <![CDATA[Testcase is Passed]]>
            </line>
          </reporter-output>
        </test-method> <!-- roundtrip -->
        <test-method is-config="true" signature="AQuit()[pri:0, instance:TestFile.ALTC05_SearchRoundTrip@41a0aa7d]" started-at="2024-09-18T09:52:24 IST" name="AQuit" finished-at="2024-09-18T09:52:25 IST" duration-ms="466" status="PASS">
          <reporter-output>
          </reporter-output>
        </test-method> <!-- AQuit -->
      </class> <!-- TestFile.ALTC05_SearchRoundTrip -->
      <class name="TestFile.ALTC10_FightInformationBaggageRules">
        <test-method is-config="true" signature="ALaunch()[pri:0, instance:TestFile.ALTC10_FightInformationBaggageRules@e350b40]" started-at="2024-09-18T09:50:56 IST" name="ALaunch" finished-at="2024-09-18T09:50:59 IST" duration-ms="3555" status="PASS">
          <reporter-output>
          </reporter-output>
        </test-method> <!-- ALaunch -->
        <test-method signature="FlightInformation()[pri:0, instance:TestFile.ALTC10_FightInformationBaggageRules@e350b40]" started-at="2024-09-18T09:50:59 IST" name="FlightInformation" finished-at="2024-09-18T09:51:47 IST" duration-ms="47659" status="PASS">
          <reporter-output>
            <line>
              <![CDATA[Testcase is Passed]]>
            </line>
          </reporter-output>
        </test-method> <!-- FlightInformation -->
        <test-method is-config="true" signature="AQuit()[pri:0, instance:TestFile.ALTC10_FightInformationBaggageRules@e350b40]" started-at="2024-09-18T09:51:47 IST" name="AQuit" finished-at="2024-09-18T09:51:47 IST" duration-ms="317" status="PASS">
          <reporter-output>
          </reporter-output>
        </test-method> <!-- AQuit -->
      </class> <!-- TestFile.ALTC10_FightInformationBaggageRules -->
      <class name="TestFile.ALTC02_LoginCorrectCredentials">
        <test-method is-config="true" signature="ALaunch()[pri:0, instance:TestFile.ALTC02_LoginCorrectCredentials@6340e5f0]" started-at="2024-09-18T09:53:02 IST" name="ALaunch" finished-at="2024-09-18T09:53:06 IST" duration-ms="3394" status="PASS">
          <reporter-output>
          </reporter-output>
        </test-method> <!-- ALaunch -->
        <test-method signature="login()[pri:0, instance:TestFile.ALTC02_LoginCorrectCredentials@6340e5f0]" started-at="2024-09-18T09:53:06 IST" name="login" finished-at="2024-09-18T09:53:13 IST" duration-ms="6893" status="PASS">
          <reporter-output>
            <line>
              <![CDATA[Testcase is Passed]]>
            </line>
          </reporter-output>
        </test-method> <!-- login -->
        <test-method is-config="true" signature="AQuit()[pri:0, instance:TestFile.ALTC02_LoginCorrectCredentials@6340e5f0]" started-at="2024-09-18T09:53:13 IST" name="AQuit" finished-at="2024-09-18T09:53:13 IST" duration-ms="369" status="PASS">
          <reporter-output>
          </reporter-output>
        </test-method> <!-- AQuit -->
      </class> <!-- TestFile.ALTC02_LoginCorrectCredentials -->
      <class name="TestFile.ALTC06_DifferentClasses">
        <test-method is-config="true" signature="ALaunch()[pri:0, instance:TestFile.ALTC06_DifferentClasses@2794eab6]" started-at="2024-09-18T09:52:25 IST" name="ALaunch" finished-at="2024-09-18T09:52:30 IST" duration-ms="4883" status="PASS">
          <reporter-output>
          </reporter-output>
        </test-method> <!-- ALaunch -->
        <test-method signature="Diffrentclass()[pri:0, instance:TestFile.ALTC06_DifferentClasses@2794eab6]" started-at="2024-09-18T09:52:30 IST" name="Diffrentclass" finished-at="2024-09-18T09:53:02 IST" duration-ms="32391" status="PASS">
          <reporter-output>
            <line>
              <![CDATA[Testcase is Passed]]>
            </line>
          </reporter-output>
        </test-method> <!-- Diffrentclass -->
        <test-method is-config="true" signature="AQuit()[pri:0, instance:TestFile.ALTC06_DifferentClasses@2794eab6]" started-at="2024-09-18T09:53:02 IST" name="AQuit" finished-at="2024-09-18T09:53:02 IST" duration-ms="524" status="PASS">
          <reporter-output>
          </reporter-output>
        </test-method> <!-- AQuit -->
      </class> <!-- TestFile.ALTC06_DifferentClasses -->
      <class name="TestFile.ALTC13_CoupenCodeAppling">
        <test-method is-config="true" signature="ALaunch()[pri:0, instance:TestFile.ALTC13_CoupenCodeAppling@4b45a2f5]" started-at="2024-09-18T09:49:29 IST" name="ALaunch" finished-at="2024-09-18T09:49:33 IST" duration-ms="3707" status="PASS">
          <reporter-output>
          </reporter-output>
        </test-method> <!-- ALaunch -->
        <test-method signature="CoupenCode()[pri:0, instance:TestFile.ALTC13_CoupenCodeAppling@4b45a2f5]" started-at="2024-09-18T09:49:33 IST" name="CoupenCode" finished-at="2024-09-18T09:49:56 IST" duration-ms="23558" status="PASS">
          <reporter-output>
            <line>
              <![CDATA[Testcase is Passed]]>
            </line>
          </reporter-output>
        </test-method> <!-- CoupenCode -->
        <test-method is-config="true" signature="AQuit()[pri:0, instance:TestFile.ALTC13_CoupenCodeAppling@4b45a2f5]" started-at="2024-09-18T09:49:56 IST" name="AQuit" finished-at="2024-09-18T09:49:57 IST" duration-ms="330" status="PASS">
          <reporter-output>
          </reporter-output>
        </test-method> <!-- AQuit -->
      </class> <!-- TestFile.ALTC13_CoupenCodeAppling -->
      <class name="TestFile.ALTC03_LoginInvalidCredentials">
        <test-method is-config="true" signature="ALaunch()[pri:0, instance:TestFile.ALTC03_LoginInvalidCredentials@45099dd3]" started-at="2024-09-18T09:53:13 IST" name="ALaunch" finished-at="2024-09-18T09:53:16 IST" duration-ms="3300" status="PASS">
          <reporter-output>
          </reporter-output>
        </test-method> <!-- ALaunch -->
        <test-method signature="ILogin()[pri:0, instance:TestFile.ALTC03_LoginInvalidCredentials@45099dd3]" started-at="2024-09-18T09:53:16 IST" name="ILogin" finished-at="2024-09-18T09:53:18 IST" duration-ms="1599" status="PASS">
          <reporter-output>
            <line>
              <![CDATA[Testcase is Passed]]>
            </line>
          </reporter-output>
        </test-method> <!-- ILogin -->
        <test-method is-config="true" signature="AQuit()[pri:0, instance:TestFile.ALTC03_LoginInvalidCredentials@45099dd3]" started-at="2024-09-18T09:53:18 IST" name="AQuit" finished-at="2024-09-18T09:53:18 IST" duration-ms="441" status="PASS">
          <reporter-output>
          </reporter-output>
        </test-method> <!-- AQuit -->
      </class> <!-- TestFile.ALTC03_LoginInvalidCredentials -->
    </test> <!-- Test -->
  </suite> <!-- Suite -->
</testng-results>
